<?xml version="1.0" encoding="UTF-8"?>
<testng-results skipped="0" failed="0" ignored="0" total="1" passed="1">
  <reporter-output>
  </reporter-output>
  <suite name="Default suite" duration-ms="5063" started-at="2020-05-28T06:24:46Z" finished-at="2020-05-28T06:24:52Z">
    <groups>
    </groups>
    <test name="Default test" duration-ms="5063" started-at="2020-05-28T06:24:46Z" finished-at="2020-05-28T06:24:52Z">
      <class name="com.actitime.test.Demo">
        <test-method status="PASS" signature="testDemo()[pri:0, instance:com.actitime.test.Demo@475530b9]" name="testDemo" duration-ms="5031" started-at="2020-05-28T06:24:46Z" finished-at="2020-05-28T06:24:52Z">
          <reporter-output>
          </reporter-output>
        </test-method> <!-- testDemo -->
      </class> <!-- com.actitime.test.Demo -->
    </test> <!-- Default test -->
  </suite> <!-- Default suite -->
</testng-results>
