<?xml version="1.0" encoding="UTF-8"?>
<testng-results skipped="0" failed="0" total="1" passed="1">
  <reporter-output>
    <line>
      <![CDATA[Hi darling Jo...]]>
    </line>
  </reporter-output>
  <suite name="naukri" duration-ms="16077" started-at="2021-03-22T06:37:34Z" finished-at="2021-03-22T06:37:50Z">
    <groups>
    </groups>
    <test name="test" duration-ms="16077" started-at="2021-03-22T06:37:34Z" finished-at="2021-03-22T06:37:50Z">
      <class name="com.naukriLoginTest1.NaukriLogin">
        <test-method status="PASS" signature="openBrowser(java.lang.String)[pri:0, instance:com.naukriLoginTest1.NaukriLogin@b684286]" name="openBrowser" is-config="true" duration-ms="2047" started-at="2021-03-22T12:07:34Z" finished-at="2021-03-22T12:07:36Z">
          <params>
            <param index="0">
              <value>
                <![CDATA[chrome]]>
              </value>
            </param>
          </params>
          <reporter-output>
          </reporter-output>
        </test-method> <!-- openBrowser -->
        <test-method status="PASS" signature="testNaukriLogin()[pri:0, instance:com.naukriLoginTest1.NaukriLogin@b684286]" name="testNaukriLogin" duration-ms="12635" started-at="2021-03-22T12:07:36Z" finished-at="2021-03-22T12:07:49Z">
          <reporter-output>
            <line>
              <![CDATA[Hi darling Jo...]]>
            </line>
          </reporter-output>
        </test-method> <!-- testNaukriLogin -->
        <test-method status="PASS" signature="closeBrowser()[pri:0, instance:com.naukriLoginTest1.NaukriLogin@b684286]" name="closeBrowser" is-config="true" duration-ms="1386" started-at="2021-03-22T12:07:49Z" finished-at="2021-03-22T12:07:50Z">
          <reporter-output>
          </reporter-output>
        </test-method> <!-- closeBrowser -->
      </class> <!-- com.naukriLoginTest1.NaukriLogin -->
    </test> <!-- test -->
  </suite> <!-- naukri -->
</testng-results>
